
> frontend@0.0.0 dev
> vite


  [32m[1mVITE[22m v8.0.13[39m  [2mready in [0m[1m270[22m[2m[0m ms[22m

  [32m➜[39m  [1mLocal[22m:   [36mhttp://localhost:[1m5173[22m/[39m
  [32m➜[39m  [1mNetwork[22m: [36mhttp://192.168.1.8:[1m5173[22m/[39m
[2m11:13:50[22m [36m[1m[vite][22m[39m [90m[2m(client)[22m[39m [32mhmr update [39m[2m/src/views/utente/VistaAbbonamenti.tsx, /src/views/utente/VistaCorsa.tsx[22m
[2m11:13:50[22m [36m[1m[vite][22m[39m [90m[2m(client)[22m[39m [32mhmr update [39m[2m/src/views/utente/VistaMappa.tsx, /src/views/operatore/VistaParametriSistema.tsx[22m
[2m11:13:50[22m [36m[1m[vite][22m[39m [90m[2m(client)[22m[39m [32mhmr update [39m[2m/src/views/utente/VistaMappa.tsx, /src/views/utente/VistaCorse.tsx, /src/views/utente/VistaCorsa.tsx[22m
[2m11:13:50[22m [36m[1m[vite][22m[39m [90m[2m(client)[22m[39m [32mhmr update [39m[2m/src/views/operatore/VistaMezziOperatore.tsx[22m
[2m11:13:50[22m [36m[1m[vite][22m[39m [90m[2m(client)[22m[39m [32mhmr update [39m[2m/src/views/operatore/VistaTariffePromozioni.tsx[22m
[2m11:13:50[22m [36m[1m[vite][22m[39m [90m[2m(client)[22m[39m [32mhmr update [39m[2m/src/views/operatore/VistaMezziOperatore.css[22m
[2m11:13:50[22m [36m[1m[vite][22m[39m [90m[2m(client)[22m[39m [32mhmr update [39m[2m/src/views/operatore/VistaMezziOperatore.tsx[22m
[2m11:13:50[22m [36m[1m[vite][22m[39m [90m[2m(client)[22m[39m [32mhmr update [39m[2m/src/App.tsx[22m
[2m11:13:50[22m [36m[1m[vite][22m[39m [90m[2m(client)[22m[39m [32mhmr update [39m[2m/src/views/operatore/VistaMappaOperatore.tsx[22m
[2m11:13:50[22m [36m[1m[vite][22m[39m [90m[2m(client)[22m[39m [32mhmr update [39m[2m/src/views/utente/VistaAbbonamenti.css[22m
[2m11:13:50[22m [36m[1m[vite][22m[39m [90m[2m(client)[22m[39m [32mhmr update [39m[2m/src/App.tsx[22m
[2m11:13:50[22m [36m[1m[vite][22m[39m [90m[2m(client)[22m[39m [32mhmr update [39m[2m/src/views/operatore/VistaMappaOperatore.tsx[22m
[2m11:13:50[22m [36m[1m[vite][22m[39m [90m[2m(client)[22m[39m [32mhmr update [39m[2m/src/views/operatore/VistaTariffePromozioni.css[22m
[2m11:13:50[22m [36m[1m[vite][22m[39m [90m[2m(client)[22m[39m [32mhmr update [39m[2m/src/views/operatore/VistaTariffePromozioni.tsx[22m
[2m11:13:50[22m [36m[1m[vite][22m[39m [90m[2m(client)[22m[39m [32mhmr update [39m[2m/src/views/utente/VistaAbbonamenti.css[22m
[2m11:13:50[22m [36m[1m[vite][22m[39m [90m[2m(client)[22m[39m [32mhmr update [39m[2m/src/views/utente/VistaAbbonamenti.tsx[22m
[2m11:13:50[22m [36m[1m[vite][22m[39m [90m[2m(client)[22m[39m [32mhmr update [39m[2m/src/views/utente/VistaCorsa.css[22m
[2m11:13:50[22m [36m[1m[vite][22m[39m [90m[2m(client)[22m[39m [32mhmr update [39m[2m/src/views/utente/VistaCorsa.tsx[22m
[2m11:13:50[22m [36m[1m[vite][22m[39m [90m[2m(client)[22m[39m [32mhmr update [39m[2m/src/views/utente/VistaCorse.css[22m
[2m11:13:50[22m [36m[1m[vite][22m[39m [90m[2m(client)[22m[39m [32mhmr update [39m[2m/src/views/utente/VistaCorse.tsx[22m
[2m11:13:50[22m [36m[1m[vite][22m[39m [90m[2m(client)[22m[39m [32mhmr update [39m[2m/src/views/utente/VistaMappa.tsx[22m
[2m12:14:56[22m [36m[1m[vite][22m[39m [90m[2m(client)[22m[39m [32mhmr update [39m[2m/src/App.tsx[22m
[2m12:14:56[22m [36m[1m[vite][22m[39m [90m[2m(client)[22m[39m [32mhmr update [39m[2m/src/views/utente/VistaAbbonamenti.tsx, /src/views/utente/VistaCorsa.tsx[22m
[2m12:14:56[22m [36m[1m[vite][22m[39m [90m[2m(client)[22m[39m [32mhmr update [39m[2m/src/views/operatore/VistaMappaOperatore.tsx[22m
[2m12:14:56[22m [36m[1m[vite][22m[39m [90m[2m(client)[22m[39m [32mhmr update [39m[2m/src/views/utente/VistaMappa.tsx, /src/views/operatore/VistaParametriSistema.tsx[22m
[2m12:14:56[22m [36m[1m[vite][22m[39m [90m[2m(client)[22m[39m [32mhmr update [39m[2m/src/views/utente/VistaMappa.tsx, /src/views/utente/VistaCorse.tsx, /src/views/utente/VistaCorsa.tsx[22m
[2m12:14:56[22m [36m[1m[vite][22m[39m [90m[2m(client)[22m[39m [32mpage reload [39m[2msrc/services/FlottaService.ts[22m
[2m12:14:56[22m [36m[1m[vite][22m[39m [90m[2m(client)[22m[39m [32mhmr update [39m[2m/src/views/operatore/VistaTariffePromozioni.tsx[22m
[2m12:14:56[22m [36m[1m[vite][22m[39m [90m[2m(client)[22m[39m [32mhmr update [39m[2m/src/views/utente/VistaAbbonamenti.css[22m
[2m12:14:56[22m [36m[1m[vite][22m[39m [90m[2m(client)[22m[39m [32mhmr update [39m[2m/src/views/operatore/VistaTariffePromozioni.css[22m
[2m12:14:56[22m [36m[1m[vite][22m[39m [90m[2m(client)[22m[39m [32mhmr update [39m[2m/src/views/operatore/VistaTariffePromozioni.tsx[22m
[2m12:14:56[22m [36m[1m[vite][22m[39m [90m[2m(client)[22m[39m [32mhmr update [39m[2m/src/views/operatore/VistaMezziOperatore.css[22m
[2m12:14:56[22m [36m[1m[vite][22m[39m [90m[2m(client)[22m[39m [32mhmr update [39m[2m/src/views/operatore/VistaMezziOperatore.tsx[22m
[2m12:14:56[22m [36m[1m[vite][22m[39m [90m[2m(client)[22m[39m [32mhmr update [39m[2m/src/views/utente/VistaAbbonamenti.css[22m
[2m12:14:56[22m [36m[1m[vite][22m[39m [90m[2m(client)[22m[39m [32mhmr update [39m[2m/src/views/utente/VistaAbbonamenti.tsx[22m
[2m12:14:56[22m [36m[1m[vite][22m[39m [90m[2m(client)[22m[39m [32mhmr update [39m[2m/src/views/utente/VistaCorsa.css[22m
[2m12:14:56[22m [36m[1m[vite][22m[39m [90m[2m(client)[22m[39m [32mhmr update [39m[2m/src/views/utente/VistaCorsa.tsx[22m
[2m12:14:56[22m [36m[1m[vite][22m[39m [90m[2m(client)[22m[39m [32mhmr update [39m[2m/src/views/utente/VistaCorse.css[22m
[2m12:14:56[22m [36m[1m[vite][22m[39m [90m[2m(client)[22m[39m [32mhmr update [39m[2m/src/views/utente/VistaCorse.tsx[22m
[2m12:14:56[22m [36m[1m[vite][22m[39m [90m[2m(client)[22m[39m [32mhmr update [39m[2m/src/views/utente/VistaMappa.tsx[22m
[2m12:15:10[22m [36m[1m[vite][22m[39m [90m[2m(client)[22m[39m [32mhmr update [39m[2m/src/views/operatore/VistaMappaOperatore.tsx[22m
[2m12:15:10[22m [36m[1m[vite][22m[39m [90m[2m(client)[22m[39m [32mhmr update [39m[2m/src/views/utente/VistaMappa.tsx[22m
[2m12:15:10[22m [36m[1m[vite][22m[39m [90m[2m(client)[22m[39m [32mhmr update [39m[2m/src/App.tsx[22m
